[debug] [2021-05-22T12:26:07.855Z] ----------------------------------------------------------------------
[debug] [2021-05-22T12:26:07.857Z] Command:       D:\Program Files\nodejs\node.exe C:\Users\DELL\AppData\Roaming\npm\node_modules\firebase-tools\lib\bin\firebase.js init
[debug] [2021-05-22T12:26:07.857Z] CLI Version:   9.11.0
[debug] [2021-05-22T12:26:07.857Z] Platform:      win32
[debug] [2021-05-22T12:26:07.857Z] Node Version:  v14.16.1
[debug] [2021-05-22T12:26:07.858Z] Time:          Sat May 22 2021 19:26:07 GMT+0700 (Indochina Time)
[debug] [2021-05-22T12:26:07.858Z] ----------------------------------------------------------------------
[debug] 
[debug] [2021-05-22T12:26:07.860Z] >>> [apiv2][query] GET https://firebase-public.firebaseio.com/cli.json [none]
[debug] [2021-05-22T12:26:07.879Z] > command requires scopes: ["email","openid","https://www.googleapis.com/auth/cloudplatformprojects.readonly","https://www.googleapis.com/auth/firebase","https://www.googleapis.com/auth/cloud-platform"]
[debug] [2021-05-22T12:26:07.879Z] > authorizing via signed-in user (lvtnmonitor@gmail.com)
[info] 
     ######## #### ########  ######## ########     ###     ######  ########
     ##        ##  ##     ## ##       ##     ##  ##   ##  ##       ##
     ######    ##  ########  ######   ########  #########  ######  ######
     ##        ##  ##    ##  ##       ##     ## ##     ##       ## ##
     ##       #### ##     ## ######## ########  ##     ##  ######  ########

You're about to initialize a Firebase project in this directory:

  E:\Web\testing

[debug] [2021-05-22T12:26:08.640Z] <<< [apiv2][status] GET https://firebase-public.firebaseio.com/cli.json 200
[debug] [2021-05-22T12:26:08.640Z] <<< [apiv2][body] GET https://firebase-public.firebaseio.com/cli.json {"cloudBuildErrorAfter":1594252800000,"cloudBuildWarnAfter":1590019200000,"defaultNode10After":1594252800000,"minVersion":"3.0.5","node8DeploysDisabledAfter":1613390400000,"node8RuntimeDisabledAfter":1615809600000,"node8WarnAfter":1600128000000}
